app/manifest-merger-release-report.txt
-- Merging decision tree log ---
manifest
ADDED from AndroidManifest.xml:2:1
	xmlns:android
		ADDED from AndroidManifest.xml:2:11
	package
		ADDED from AndroidManifest.xml:3:5
		INJECTED from AndroidManifest.xml:0:0
		INJECTED from AndroidManifest.xml:0:0
	android:versionName
		INJECTED from AndroidManifest.xml:0:0
		INJECTED from AndroidManifest.xml:0:0
	android:versionCode
		INJECTED from AndroidManifest.xml:0:0
		INJECTED from AndroidManifest.xml:0:0
uses-feature#android.hardware.camera
ADDED from AndroidManifest.xml:5:2
	android:required
		ADDED from AndroidManifest.xml:5:55
	android:name
		ADDED from AndroidManifest.xml:5:16
uses-permission#android.permission.WRITE_EXTERNAL_STORAGE
ADDED from AndroidManifest.xml:6:2
	android:name
		ADDED from AndroidManifest.xml:6:19
uses-permission#android.permission.INTERNET
ADDED from AndroidManifest.xml:7:5
	android:name
		ADDED from AndroidManifest.xml:7:22
uses-permission#android.permission.ACCESS_NETWORK_STATE
ADDED from AndroidManifest.xml:8:5
	android:name
		ADDED from AndroidManifest.xml:8:22
application
ADDED from AndroidManifest.xml:10:5
MERGED from com.android.support:appcompat-v7:20.0.0:17:5
MERGED from com.android.support:support-v4:20.0.0:17:5
MERGED from com.android.support:support-v4:20.0.0:17:5
MERGED from AndroidVillage:AndroidBootstrap:unspecified:11:5
	android:label
		ADDED from AndroidManifest.xml:13:9
	android:allowBackup
		ADDED from AndroidManifest.xml:11:9
	android:icon
		ADDED from AndroidManifest.xml:12:9
	android:theme
		ADDED from AndroidManifest.xml:15:9
	android:name
		ADDED from AndroidManifest.xml:14:9
activity#tw.soleil.androidvillage.activity.MainActivity
ADDED from AndroidManifest.xml:16:9
	android:label
		ADDED from AndroidManifest.xml:19:13
	android:name
		ADDED from AndroidManifest.xml:17:13
	android:logo
		ADDED from AndroidManifest.xml:18:13
intent-filter#android.intent.action.MAIN+android.intent.category.LAUNCHER
ADDED from AndroidManifest.xml:20:13
action#android.intent.action.MAIN
ADDED from AndroidManifest.xml:21:17
	android:name
		ADDED from AndroidManifest.xml:21:25
category#android.intent.category.LAUNCHER
ADDED from AndroidManifest.xml:23:17
	android:name
		ADDED from AndroidManifest.xml:23:27
activity#tw.soleil.androidvillage.activity.java.classroom.ControllingExecutionActivity
ADDED from AndroidManifest.xml:27:6
	android:label
		ADDED from AndroidManifest.xml:28:16
	android:name
		ADDED from AndroidManifest.xml:27:16
	android:logo
		ADDED from AndroidManifest.xml:29:16
activity#tw.soleil.androidvillage.activity.java.homework.ControllingExecutionActivity
ADDED from AndroidManifest.xml:30:6
	android:label
		ADDED from AndroidManifest.xml:31:16
	android:name
		ADDED from AndroidManifest.xml:30:16
	android:logo
		ADDED from AndroidManifest.xml:32:16
activity#tw.soleil.androidvillage.activity.java.classroom.InitializationCleanupActivity
ADDED from AndroidManifest.xml:34:6
	android:label
		ADDED from AndroidManifest.xml:35:16
	android:name
		ADDED from AndroidManifest.xml:34:16
	android:logo
		ADDED from AndroidManifest.xml:36:16
activity#tw.soleil.androidvillage.activity.java.homework.InitializationCleanupActivity
ADDED from AndroidManifest.xml:37:6
	android:label
		ADDED from AndroidManifest.xml:38:16
	android:name
		ADDED from AndroidManifest.xml:37:16
	android:logo
		ADDED from AndroidManifest.xml:39:16
activity#tw.soleil.androidvillage.activity.java.classroom.AccessControlActivity
ADDED from AndroidManifest.xml:41:6
	android:label
		ADDED from AndroidManifest.xml:42:16
	android:name
		ADDED from AndroidManifest.xml:41:16
	android:logo
		ADDED from AndroidManifest.xml:43:16
activity#tw.soleil.androidvillage.activity.android.CalculateActivity
ADDED from AndroidManifest.xml:45:6
	android:label
		ADDED from AndroidManifest.xml:46:16
	android:name
		ADDED from AndroidManifest.xml:45:16
	android:logo
		ADDED from AndroidManifest.xml:47:16
activity#tw.soleil.androidvillage.activity.java.homework.AccessControlActivity
ADDED from AndroidManifest.xml:49:6
	android:label
		ADDED from AndroidManifest.xml:50:16
	android:name
		ADDED from AndroidManifest.xml:49:16
	android:logo
		ADDED from AndroidManifest.xml:51:16
activity#tw.soleil.androidvillage.activity.SettingsActivity
ADDED from AndroidManifest.xml:53:6
	android:label
		ADDED from AndroidManifest.xml:54:16
	android:name
		ADDED from AndroidManifest.xml:53:16
activity#tw.soleil.androidvillage.activity.KorrnellFairActivity
ADDED from AndroidManifest.xml:57:6
	android:label
		ADDED from AndroidManifest.xml:58:19
	android:name
		ADDED from AndroidManifest.xml:57:16
uses-sdk
INJECTED from AndroidManifest.xml:0:0 reason: use-sdk injection requested
MERGED from com.android.support:appcompat-v7:20.0.0:16:5
MERGED from com.android.support:support-v4:20.0.0:16:5
MERGED from com.android.support:support-v4:20.0.0:16:5
MERGED from AndroidVillage:AndroidBootstrap:unspecified:7:5
	android:targetSdkVersion
		INJECTED from AndroidManifest.xml:0:0
		INJECTED from AndroidManifest.xml:0:0
	android:minSdkVersion
		INJECTED from AndroidManifest.xml:0:0
		INJECTED from AndroidManifest.xml:0:0